Build started 12/30/2022 3:12:28 AM.
     1>Project "C:\Users\kabou\Documents\GitHub\Phase-2-project\Phase2 - Code F22\PT-Project.vcxproj" on node 2 (Build target(s)).
     1>ClCompile:
         C:\Program Files (x86)\Microsoft Visual Studio 11.0\VC\bin\CL.exe /c /ZI /nologo /W3 /WX- /Od /Oy- /D WIN32 /D _DEBUG /D _CONSOLE /D _VC80_UPGRADE=0x0600 /D _MBCS /Gm /EHsc /RTC1 /MTd /GS /fp:precise /Zc:wchar_t /Zc:forScope /Fo".\Debug/" /Fd".\Debug/vc110.pdb" /FR".\Debug\\" /Gd /TP /analyze- /errorReport:prompt Actions\AddCircleAction.cpp Actions\AddHexAction.cpp Actions\AddRectAction.cpp Actions\AddSqrAction.cpp Actions\AddTriangleAction.cpp Actions\ClearAllAction.cpp Actions\CreatDAction.cpp Actions\CreatFAction.cpp Actions\CreatFigureAction.cpp Actions\CreateDToolBar2Action.cpp Actions\CreateDToolbarAction.cpp Actions\CreatePToolbarAction.cpp Actions\DeleteFigureAction.cpp Actions\DrawCAction.cpp Actions\ExitAction.cpp Actions\FillCAction.cpp Actions\LoadAction.cpp Actions\MoveAction.cpp Actions\PickByTypeAction.cpp Actions\PlayRecordAction.cpp Actions\SaveAction.cpp Actions\SelectAction.cpp Actions\StartAction.cpp Actions\StopAction.cpp ApplicationManager.cpp Figures\CCircle.cpp Figures\CFigure.cpp Figures\CHex.cpp Figures\CRectangle.cpp Figures\CSquare.cpp Figures\CTriangle.cpp main.cpp
         CCircle.cpp
     1>c:\users\kabou\documents\github\phase-2-project\phase2 - code f22\figures\ccircle.cpp(23): warning C4244: '=' : conversion from 'double' to '__int64', possible loss of data
     1>c:\users\kabou\documents\github\phase-2-project\phase2 - code f22\figures\ccircle.cpp(24): warning C4244: '=' : conversion from 'double' to '__int64', possible loss of data
     1>c:\users\kabou\documents\github\phase-2-project\phase2 - code f22\figures\ccircle.cpp(34): warning C4244: '=' : conversion from 'double' to '__int64', possible loss of data
     1>c:\users\kabou\documents\github\phase-2-project\phase2 - code f22\figures\ccircle.cpp(36): warning C4244: '=' : conversion from '__int64' to 'int', possible loss of data
         Generating Code...
         Compiling...
         main.cpp
         CTriangle.cpp
         CSquare.cpp
         CRectangle.cpp
         CHex.cpp
         CFigure.cpp
         ApplicationManager.cpp
         StopAction.cpp
         StartAction.cpp
         SelectAction.cpp
         SaveAction.cpp
         PlayRecordAction.cpp
         PickByTypeAction.cpp
     1>c:\users\kabou\documents\github\phase-2-project\phase2 - code f22\actions\pickbytypeaction.cpp(90): warning C4244: 'argument' : conversion from 'time_t' to 'unsigned int', possible loss of data
         MoveAction.cpp
         LoadAction.cpp
         FillCAction.cpp
         ExitAction.cpp
         DrawCAction.cpp
         DeleteFigureAction.cpp
         CreatePToolbarAction.cpp
         Generating Code...
         Compiling...
         CreateDToolbarAction.cpp
         CreateDToolBar2Action.cpp
         CreatFigureAction.cpp
         CreatFAction.cpp
         CreatDAction.cpp
         ClearAllAction.cpp
         AddTriangleAction.cpp
         AddSqrAction.cpp
         AddRectAction.cpp
         AddHexAction.cpp
         AddCircleAction.cpp
         Generating Code...
       Link:
         C:\Program Files (x86)\Microsoft Visual Studio 11.0\VC\bin\link.exe /ERRORREPORT:PROMPT /OUT:".\Debug/PT Project.exe" /INCREMENTAL /NOLOGO odbc32.lib odbccp32.lib winmm.lib kernel32.lib user32.lib gdi32.lib winspool.lib comdlg32.lib advapi32.lib shell32.lib ole32.lib oleaut32.lib uuid.lib odbc32.lib odbccp32.lib /MANIFEST /MANIFESTUAC:"level='asInvoker' uiAccess='false'" /manifest:embed /DEBUG /PDB:".\Debug/PT Project.pdb" /SUBSYSTEM:CONSOLE /TLBID:1 /DYNAMICBASE /NXCOMPAT /IMPLIB:".\Debug\PT Project.lib" /MACHINE:X86 /SAFESEH .\Debug/AddCircleAction.obj
         .\Debug/AddHexAction.obj
         .\Debug/AddSqrAction.obj
         .\Debug/AddTriangleAction.obj
         .\Debug/ClearAllAction.obj
         .\Debug/CreatDAction.obj
         .\Debug/CreateDToolBar2Action.obj
         .\Debug/CreateDToolbarAction.obj
         .\Debug/CreatePToolbarAction.obj
         .\Debug/CreatFAction.obj
         .\Debug/CreatFigureAction.obj
         .\Debug/DeleteFigureAction.obj
         .\Debug/DrawCAction.obj
         .\Debug/ExitAction.obj
         .\Debug/FillCAction.obj
         .\Debug/LoadAction.obj
         .\Debug/MoveAction.obj
         .\Debug/PickByTypeAction.obj
         .\Debug/PlayRecordAction.obj
         .\Debug/SaveAction.obj
         .\Debug/SelectAction.obj
         .\Debug/StartAction.obj
         .\Debug/StopAction.obj
         .\Debug/auxil.obj
         .\Debug/CMUgraphics.obj
         .\Debug/colors.obj
         .\Debug/image.obj
         .\Debug/jpegload.obj
         .\Debug/keyqueue.obj
         .\Debug/mousequeue.obj
         .\Debug/windowinput.obj
         .\Debug/jcomapi.obj
         .\Debug/jcparam.obj
         .\Debug/jdapimin.obj
         .\Debug/jdapistd.obj
         .\Debug/jdatasrc.obj
         .\Debug/jdcoefct.obj
         .\Debug/jdcolor.obj
         .\Debug/jddctmgr.obj
         .\Debug/jdhuff.obj
         .\Debug/jdinput.obj
         .\Debug/jdmainct.obj
         .\Debug/jdmarker.obj
         .\Debug/jdmaster.obj
         .\Debug/jdmerge.obj
         .\Debug/jdphuff.obj
         .\Debug/jdpostct.obj
         .\Debug/jdsample.obj
         .\Debug/jdtrans.obj
         .\Debug/jerror.obj
         .\Debug/jidctflt.obj
         .\Debug/jidctfst.obj
         .\Debug/jidctint.obj
         .\Debug/jidctred.obj
         .\Debug/jmemmgr.obj
         .\Debug/jmemnobs.obj
         .\Debug/jquant1.obj
         .\Debug/jquant2.obj
         .\Debug/jutils.obj
         .\Debug/CCircle.obj
         .\Debug/CFigure.obj
         .\Debug/CHex.obj
         .\Debug/CRectangle.obj
         .\Debug/AddRectAction.obj
         .\Debug/CSquare.obj
         .\Debug/CTriangle.obj
         .\Debug/Input.obj
         .\Debug/Output.obj
         .\Debug/ApplicationManager.obj
         .\Debug/main.obj
         PT-Project.vcxproj -> C:\Users\kabou\Documents\GitHub\Phase-2-project\Phase2 - Code F22\.\Debug\PT Project.exe
       BscMake:
         C:\Program Files (x86)\Microsoft Visual Studio 11.0\VC\bin\bscmake.exe /nologo /o".\Debug/PT Project.bsc" .\Debug\AddCircleAction.sbr .\Debug\AddHexAction.sbr .\Debug\AddSqrAction.sbr .\Debug\AddTriangleAction.sbr .\Debug\ClearAllAction.sbr .\Debug\CreatDAction.sbr .\Debug\CreateDToolBar2Action.sbr .\Debug\CreateDToolbarAction.sbr .\Debug\CreatePToolbarAction.sbr .\Debug\CreatFAction.sbr .\Debug\CreatFigureAction.sbr .\Debug\DeleteFigureAction.sbr .\Debug\DrawCAction.sbr .\Debug\ExitAction.sbr .\Debug\FillCAction.sbr .\Debug\LoadAction.sbr .\Debug\MoveAction.sbr .\Debug\PickByTypeAction.sbr .\Debug\PlayRecordAction.sbr .\Debug\SaveAction.sbr .\Debug\SelectAction.sbr .\Debug\StartAction.sbr .\Debug\StopAction.sbr .\Debug\auxil.sbr .\Debug\CMUgraphics.sbr .\Debug\colors.sbr .\Debug\image.sbr .\Debug\jpegload.sbr .\Debug\keyqueue.sbr .\Debug\mousequeue.sbr .\Debug\windowinput.sbr .\Debug\jcomapi.sbr .\Debug\jcparam.sbr .\Debug\jdapimin.sbr .\Debug\jdapistd.sbr .\Debug\jdatasrc.sbr .\Debug\jdcoefct.sbr .\Debug\jdcolor.sbr .\Debug\jddctmgr.sbr .\Debug\jdhuff.sbr .\Debug\jdinput.sbr .\Debug\jdmainct.sbr .\Debug\jdmarker.sbr .\Debug\jdmaster.sbr .\Debug\jdmerge.sbr .\Debug\jdphuff.sbr .\Debug\jdpostct.sbr .\Debug\jdsample.sbr .\Debug\jdtrans.sbr .\Debug\jerror.sbr .\Debug\jidctflt.sbr .\Debug\jidctfst.sbr .\Debug\jidctint.sbr .\Debug\jidctred.sbr .\Debug\jmemmgr.sbr .\Debug\jmemnobs.sbr .\Debug\jquant1.sbr .\Debug\jquant2.sbr .\Debug\jutils.sbr .\Debug\CCircle.sbr .\Debug\CFigure.sbr .\Debug\CHex.sbr .\Debug\CRectangle.sbr .\Debug\AddRectAction.sbr .\Debug\CSquare.sbr .\Debug\CTriangle.sbr .\Debug\Input.sbr .\Debug\Output.sbr .\Debug\ApplicationManager.sbr .\Debug\main.sbr
     1>Done Building Project "C:\Users\kabou\Documents\GitHub\Phase-2-project\Phase2 - Code F22\PT-Project.vcxproj" (Build target(s)).

Build succeeded.

Time Elapsed 00:00:59.01
